01/26/2025 16:49:10 - WARNING - __main__ -   Process rank: 0, device: cuda:0, n_gpu: 1, distributed training: True, 16-bits training: False
01/26/2025 16:49:10 - INFO - __main__ -   Training/evaluation parameters TrainingArguments(
_n_gpu=1,
adafactor=False,
adam_beta1=0.9,
adam_beta2=0.999,
adam_epsilon=1e-08,
auto_find_batch_size=False,
bf16=False,
bf16_full_eval=False,
data_seed=None,
dataloader_drop_last=False,
dataloader_num_workers=0,
dataloader_pin_memory=True,
ddp_backend=None,
ddp_bucket_cap_mb=None,
ddp_find_unused_parameters=None,
ddp_timeout=1800,
debug=[],
deepspeed=None,
disable_tqdm=False,
do_eval=False,
do_predict=True,
do_train=False,
eval_accumulation_steps=None,
eval_delay=0,
eval_steps=None,
evaluation_strategy=no,
fp16=False,
fp16_backend=auto,
fp16_full_eval=False,
fp16_opt_level=O1,
fsdp=[],
fsdp_config={'fsdp_min_num_params': 0, 'xla': False, 'xla_fsdp_grad_ckpt': False},
fsdp_min_num_params=0,
fsdp_transformer_layer_cls_to_wrap=None,
full_determinism=False,
gradient_accumulation_steps=1,
gradient_checkpointing=False,
greater_is_better=None,
group_by_length=False,
half_precision_backend=auto,
hub_model_id=None,
hub_private_repo=False,
hub_strategy=every_save,
hub_token=<HUB_TOKEN>,
ignore_data_skip=False,
include_inputs_for_metrics=False,
jit_mode_eval=False,
label_names=None,
label_smoothing_factor=0.0,
learning_rate=5e-05,
length_column_name=length,
load_best_model_at_end=False,
local_rank=0,
log_level=passive,
log_level_replica=warning,
log_on_each_node=True,
logging_dir=/scratch/ba63/arabic-text-editing/gec_taggers/qalb14/taggers/qalb14-word-level-compressed/checkpoint-4000/runs/Jan26_16-49-10_dn014,
logging_first_step=False,
logging_nan_inf_filter=True,
logging_steps=500,
logging_strategy=steps,
lr_scheduler_type=linear,
max_grad_norm=1.0,
max_steps=-1,
metric_for_best_model=None,
mp_parameters=,
no_cuda=False,
num_train_epochs=3.0,
optim=adamw_hf,
optim_args=None,
output_dir=/scratch/ba63/arabic-text-editing/gec_taggers/qalb14/taggers/qalb14-word-level-compressed/checkpoint-4000,
overwrite_output_dir=False,
past_index=-1,
per_device_eval_batch_size=64,
per_device_train_batch_size=8,
prediction_loss_only=False,
push_to_hub=False,
push_to_hub_model_id=None,
push_to_hub_organization=None,
push_to_hub_token=<PUSH_TO_HUB_TOKEN>,
ray_scope=last,
remove_unused_columns=True,
report_to=['wandb'],
resume_from_checkpoint=None,
run_name=/scratch/ba63/arabic-text-editing/gec_taggers/qalb14/taggers/qalb14-word-level-compressed/checkpoint-4000,
save_on_each_node=False,
save_safetensors=False,
save_steps=500,
save_strategy=steps,
save_total_limit=None,
seed=42,
sharded_ddp=[],
skip_memory_metrics=True,
tf32=None,
torch_compile=False,
torch_compile_backend=None,
torch_compile_mode=None,
torchdynamo=None,
tpu_metrics_debug=False,
tpu_num_cores=None,
use_ipex=False,
use_legacy_prediction_loop=False,
use_mps_device=False,
warmup_ratio=0.0,
warmup_steps=0,
weight_decay=0.0,
xpu_backend=None,
)
01/26/2025 16:49:12 - WARNING - accelerate.utils.other -   Detected kernel version 4.18.0, which is below the recommended minimum of 5.5.0; this can cause the process to hang. It is recommended to upgrade the kernel to the minimum version or higher.
Running tokenizer on /scratch/ba63/arabic-text-editing/gec_data/qalb14/tagger_data_word_level/qalb14/compressed/dev.txt:   0%|          | 0/1017 [00:00<?, ? examples/s]Running tokenizer on /scratch/ba63/arabic-text-editing/gec_data/qalb14/tagger_data_word_level/qalb14/compressed/dev.txt:  98%|█████████▊| 1000/1017 [00:00<00:00, 3996.74 examples/s]Running tokenizer on /scratch/ba63/arabic-text-editing/gec_data/qalb14/tagger_data_word_level/qalb14/compressed/dev.txt: 100%|██████████| 1017/1017 [00:00<00:00, 3872.71 examples/s]
01/26/2025 16:49:15 - INFO - __main__ -   ***** Running Prediction *****
01/26/2025 16:49:15 - INFO - __main__ -     Num examples = 1017
01/26/2025 16:49:15 - INFO - __main__ -     Batch size = 64
01/26/2025 16:49:34 - WARNING - __main__ -   Process rank: 0, device: cuda:0, n_gpu: 1, distributed training: True, 16-bits training: False
01/26/2025 16:49:34 - INFO - __main__ -   Training/evaluation parameters TrainingArguments(
_n_gpu=1,
adafactor=False,
adam_beta1=0.9,
adam_beta2=0.999,
adam_epsilon=1e-08,
auto_find_batch_size=False,
bf16=False,
bf16_full_eval=False,
data_seed=None,
dataloader_drop_last=False,
dataloader_num_workers=0,
dataloader_pin_memory=True,
ddp_backend=None,
ddp_bucket_cap_mb=None,
ddp_find_unused_parameters=None,
ddp_timeout=1800,
debug=[],
deepspeed=None,
disable_tqdm=False,
do_eval=False,
do_predict=True,
do_train=False,
eval_accumulation_steps=None,
eval_delay=0,
eval_steps=None,
evaluation_strategy=no,
fp16=False,
fp16_backend=auto,
fp16_full_eval=False,
fp16_opt_level=O1,
fsdp=[],
fsdp_config={'fsdp_min_num_params': 0, 'xla': False, 'xla_fsdp_grad_ckpt': False},
fsdp_min_num_params=0,
fsdp_transformer_layer_cls_to_wrap=None,
full_determinism=False,
gradient_accumulation_steps=1,
gradient_checkpointing=False,
greater_is_better=None,
group_by_length=False,
half_precision_backend=auto,
hub_model_id=None,
hub_private_repo=False,
hub_strategy=every_save,
hub_token=<HUB_TOKEN>,
ignore_data_skip=False,
include_inputs_for_metrics=False,
jit_mode_eval=False,
label_names=None,
label_smoothing_factor=0.0,
learning_rate=5e-05,
length_column_name=length,
load_best_model_at_end=False,
local_rank=0,
log_level=passive,
log_level_replica=warning,
log_on_each_node=True,
logging_dir=/scratch/ba63/arabic-text-editing/gec_taggers/qalb14/taggers/qalb14-word-level-compressed/checkpoint-4000/runs/Jan26_16-49-34_dn014,
logging_first_step=False,
logging_nan_inf_filter=True,
logging_steps=500,
logging_strategy=steps,
lr_scheduler_type=linear,
max_grad_norm=1.0,
max_steps=-1,
metric_for_best_model=None,
mp_parameters=,
no_cuda=False,
num_train_epochs=3.0,
optim=adamw_hf,
optim_args=None,
output_dir=/scratch/ba63/arabic-text-editing/gec_taggers/qalb14/taggers/qalb14-word-level-compressed/checkpoint-4000,
overwrite_output_dir=False,
past_index=-1,
per_device_eval_batch_size=64,
per_device_train_batch_size=8,
prediction_loss_only=False,
push_to_hub=False,
push_to_hub_model_id=None,
push_to_hub_organization=None,
push_to_hub_token=<PUSH_TO_HUB_TOKEN>,
ray_scope=last,
remove_unused_columns=True,
report_to=['wandb'],
resume_from_checkpoint=None,
run_name=/scratch/ba63/arabic-text-editing/gec_taggers/qalb14/taggers/qalb14-word-level-compressed/checkpoint-4000,
save_on_each_node=False,
save_safetensors=False,
save_steps=500,
save_strategy=steps,
save_total_limit=None,
seed=42,
sharded_ddp=[],
skip_memory_metrics=True,
tf32=None,
torch_compile=False,
torch_compile_backend=None,
torch_compile_mode=None,
torchdynamo=None,
tpu_metrics_debug=False,
tpu_num_cores=None,
use_ipex=False,
use_legacy_prediction_loop=False,
use_mps_device=False,
warmup_ratio=0.0,
warmup_steps=0,
weight_decay=0.0,
xpu_backend=None,
)
01/26/2025 16:49:35 - WARNING - accelerate.utils.other -   Detected kernel version 4.18.0, which is below the recommended minimum of 5.5.0; this can cause the process to hang. It is recommended to upgrade the kernel to the minimum version or higher.
Running tokenizer on /scratch/ba63/arabic-text-editing/gec_taggers/qalb14/taggers/qalb14-word-level-compressed/checkpoint-4000/dev.txt.1.tokens:   0%|          | 0/1017 [00:00<?, ? examples/s]Running tokenizer on /scratch/ba63/arabic-text-editing/gec_taggers/qalb14/taggers/qalb14-word-level-compressed/checkpoint-4000/dev.txt.1.tokens:  98%|█████████▊| 1000/1017 [00:00<00:00, 3094.43 examples/s]Running tokenizer on /scratch/ba63/arabic-text-editing/gec_taggers/qalb14/taggers/qalb14-word-level-compressed/checkpoint-4000/dev.txt.1.tokens: 100%|██████████| 1017/1017 [00:00<00:00, 3005.39 examples/s]
01/26/2025 16:49:38 - INFO - __main__ -   ***** Running Prediction *****
01/26/2025 16:49:38 - INFO - __main__ -     Num examples = 1017
01/26/2025 16:49:38 - INFO - __main__ -     Batch size = 64
01/26/2025 16:50:00 - WARNING - __main__ -   Process rank: 0, device: cuda:0, n_gpu: 1, distributed training: True, 16-bits training: False
01/26/2025 16:50:00 - INFO - __main__ -   Training/evaluation parameters TrainingArguments(
_n_gpu=1,
adafactor=False,
adam_beta1=0.9,
adam_beta2=0.999,
adam_epsilon=1e-08,
auto_find_batch_size=False,
bf16=False,
bf16_full_eval=False,
data_seed=None,
dataloader_drop_last=False,
dataloader_num_workers=0,
dataloader_pin_memory=True,
ddp_backend=None,
ddp_bucket_cap_mb=None,
ddp_find_unused_parameters=None,
ddp_timeout=1800,
debug=[],
deepspeed=None,
disable_tqdm=False,
do_eval=False,
do_predict=True,
do_train=False,
eval_accumulation_steps=None,
eval_delay=0,
eval_steps=None,
evaluation_strategy=no,
fp16=False,
fp16_backend=auto,
fp16_full_eval=False,
fp16_opt_level=O1,
fsdp=[],
fsdp_config={'fsdp_min_num_params': 0, 'xla': False, 'xla_fsdp_grad_ckpt': False},
fsdp_min_num_params=0,
fsdp_transformer_layer_cls_to_wrap=None,
full_determinism=False,
gradient_accumulation_steps=1,
gradient_checkpointing=False,
greater_is_better=None,
group_by_length=False,
half_precision_backend=auto,
hub_model_id=None,
hub_private_repo=False,
hub_strategy=every_save,
hub_token=<HUB_TOKEN>,
ignore_data_skip=False,
include_inputs_for_metrics=False,
jit_mode_eval=False,
label_names=None,
label_smoothing_factor=0.0,
learning_rate=5e-05,
length_column_name=length,
load_best_model_at_end=False,
local_rank=0,
log_level=passive,
log_level_replica=warning,
log_on_each_node=True,
logging_dir=/scratch/ba63/arabic-text-editing/gec_taggers/qalb14/taggers/qalb14-word-level-compressed/checkpoint-4000/runs/Jan26_16-50-00_dn014,
logging_first_step=False,
logging_nan_inf_filter=True,
logging_steps=500,
logging_strategy=steps,
lr_scheduler_type=linear,
max_grad_norm=1.0,
max_steps=-1,
metric_for_best_model=None,
mp_parameters=,
no_cuda=False,
num_train_epochs=3.0,
optim=adamw_hf,
optim_args=None,
output_dir=/scratch/ba63/arabic-text-editing/gec_taggers/qalb14/taggers/qalb14-word-level-compressed/checkpoint-4000,
overwrite_output_dir=False,
past_index=-1,
per_device_eval_batch_size=64,
per_device_train_batch_size=8,
prediction_loss_only=False,
push_to_hub=False,
push_to_hub_model_id=None,
push_to_hub_organization=None,
push_to_hub_token=<PUSH_TO_HUB_TOKEN>,
ray_scope=last,
remove_unused_columns=True,
report_to=['wandb'],
resume_from_checkpoint=None,
run_name=/scratch/ba63/arabic-text-editing/gec_taggers/qalb14/taggers/qalb14-word-level-compressed/checkpoint-4000,
save_on_each_node=False,
save_safetensors=False,
save_steps=500,
save_strategy=steps,
save_total_limit=None,
seed=42,
sharded_ddp=[],
skip_memory_metrics=True,
tf32=None,
torch_compile=False,
torch_compile_backend=None,
torch_compile_mode=None,
torchdynamo=None,
tpu_metrics_debug=False,
tpu_num_cores=None,
use_ipex=False,
use_legacy_prediction_loop=False,
use_mps_device=False,
warmup_ratio=0.0,
warmup_steps=0,
weight_decay=0.0,
xpu_backend=None,
)
01/26/2025 16:50:01 - WARNING - accelerate.utils.other -   Detected kernel version 4.18.0, which is below the recommended minimum of 5.5.0; this can cause the process to hang. It is recommended to upgrade the kernel to the minimum version or higher.
Running tokenizer on /scratch/ba63/arabic-text-editing/gec_taggers/qalb14/taggers/qalb14-word-level-compressed/checkpoint-4000/dev.txt.2.tokens:   0%|          | 0/1017 [00:00<?, ? examples/s]Running tokenizer on /scratch/ba63/arabic-text-editing/gec_taggers/qalb14/taggers/qalb14-word-level-compressed/checkpoint-4000/dev.txt.2.tokens:  98%|█████████▊| 1000/1017 [00:00<00:00, 3016.97 examples/s]Running tokenizer on /scratch/ba63/arabic-text-editing/gec_taggers/qalb14/taggers/qalb14-word-level-compressed/checkpoint-4000/dev.txt.2.tokens: 100%|██████████| 1017/1017 [00:00<00:00, 2933.76 examples/s]
01/26/2025 16:50:03 - INFO - __main__ -   ***** Running Prediction *****
01/26/2025 16:50:03 - INFO - __main__ -     Num examples = 1017
01/26/2025 16:50:03 - INFO - __main__ -     Batch size = 64
