Sun Jan 26 16:49:07 2025       
+---------------------------------------------------------------------------------------+
| NVIDIA-SMI 535.129.03             Driver Version: 535.129.03   CUDA Version: 12.2     |
|-----------------------------------------+----------------------+----------------------+
| GPU  Name                 Persistence-M | Bus-Id        Disp.A | Volatile Uncorr. ECC |
| Fan  Temp   Perf          Pwr:Usage/Cap |         Memory-Usage | GPU-Util  Compute M. |
|                                         |                      |               MIG M. |
|=========================================+======================+======================|
|   0  Tesla V100-SXM2-32GB           Off | 00000000:3A:00.0 Off |                    0 |
| N/A   31C    P0              59W / 300W |      0MiB / 32768MiB |      0%      Default |
|                                         |                      |                  N/A |
+-----------------------------------------+----------------------+----------------------+
                                                                                         
+---------------------------------------------------------------------------------------+
| Processes:                                                                            |
|  GPU   GI   CI        PID   Type   Process name                            GPU Memory |
|        ID   ID                                                             Usage      |
|=======================================================================================|
|  No running processes found                                                           |
+---------------------------------------------------------------------------------------+
Running evaluation using /scratch/ba63/arabic-text-editing/gec_taggers/qalb14/taggers/qalb14-word-level-compressed/checkpoint-4500..
/scratch/ba63/arabic-text-editing/gec_taggers/qalb14/taggers/qalb14-word-level-compressed/checkpoint-4500/dev.txt.1.tokens
/scratch/ba63/arabic-text-editing/gec_taggers/qalb14/taggers/qalb14-word-level-compressed/checkpoint-4500/dev.txt.2.tokens
